2025-12-09 11:14:05.0093|INFO|Services.BookManager|BookManager oluşturuldu. 
2025-12-09 11:14:05.0313|INFO|Services.BookManager|Tüm kitaplar getiriliyor. 
2025-12-09 11:14:13.4201|INFO|Services.BookManager|BookManager oluşturuldu. 
2025-12-09 11:14:13.4201|INFO|Services.BookManager|Tüm kitaplar getiriliyor. 
2025-12-09 11:14:20.7930|INFO|Services.BookManager|BookManager oluşturuldu. 
2025-12-09 11:14:20.9864|WARN|Services.BookManager|Kitap 100 bulunamadı. 
2025-12-09 11:14:48.0257|INFO|Services.BookManager|BookManager oluşturuldu. 
2025-12-09 11:14:48.0308|INFO|Services.BookManager|Tüm kitaplar getiriliyor. 
2025-12-09 11:14:55.2423|INFO|Services.BookManager|BookManager oluşturuldu. 
2025-12-09 11:14:55.2423|INFO|Services.BookManager|Tüm kitaplar getiriliyor. 
2025-12-09 11:15:02.2103|INFO|Services.BookManager|BookManager oluşturuldu. 
2025-12-09 11:15:02.3570|WARN|Services.BookManager|Kitap 101 bulunamadı. 
2025-12-09 11:22:49.1135|INFO|Services.BookManager|BookManager oluşturuldu. 
2025-12-09 11:22:49.1135|INFO|Services.BookManager|Tüm kitaplar getiriliyor. 
2025-12-09 11:23:05.4995|INFO|Services.BookManager|BookManager oluşturuldu. 
2025-12-09 11:23:05.4995|INFO|Services.BookManager|Tüm kitaplar getiriliyor. 
2025-12-09 11:23:11.1263|INFO|Services.BookManager|BookManager oluşturuldu. 
2025-12-09 11:23:11.3212|WARN|Services.BookManager|Kitap 544 bulunamadı. 
2025-12-09 11:23:11.3212|ERROR|WebApp.Middleware.GlobalExceptionHandler|Beklenmeyen bir hata oluştu. System.Exception: Kitap 544 bulunamadı!
   at Services.BookManager.GetBookById(Int32 bookId, Boolean trackChanges) in D:\api\nTierApp\Services\BookManager.cs:line 59
   at WebApp.Api.BooksController.GetBookById(Int32 id) in D:\api\nTierApp\WebApp\Api\BooksController.cs:line 29
   at lambda_method74(Closure, Object, Object[])
   at Microsoft.AspNetCore.Mvc.Infrastructure.ActionMethodExecutor.SyncActionResultExecutor.Execute(ActionContext actionContext, IActionResultTypeMapper mapper, ObjectMethodExecutor executor, Object controller, Object[] arguments)
   at Microsoft.AspNetCore.Mvc.Infrastructure.ControllerActionInvoker.InvokeActionMethodAsync()
   at Microsoft.AspNetCore.Mvc.Infrastructure.ControllerActionInvoker.Next(State& next, Scope& scope, Object& state, Boolean& isCompleted)
   at Microsoft.AspNetCore.Mvc.Infrastructure.ControllerActionInvoker.InvokeNextActionFilterAsync()
--- End of stack trace from previous location ---
   at Microsoft.AspNetCore.Mvc.Infrastructure.ControllerActionInvoker.Rethrow(ActionExecutedContextSealed context)
   at Microsoft.AspNetCore.Mvc.Infrastructure.ControllerActionInvoker.Next(State& next, Scope& scope, Object& state, Boolean& isCompleted)
   at Microsoft.AspNetCore.Mvc.Infrastructure.ControllerActionInvoker.InvokeInnerFilterAsync()
--- End of stack trace from previous location ---
   at Microsoft.AspNetCore.Mvc.Infrastructure.ResourceInvoker.<InvokeNextResourceFilter>g__Awaited|25_0(ResourceInvoker invoker, Task lastTask, State next, Scope scope, Object state, Boolean isCompleted)
   at Microsoft.AspNetCore.Mvc.Infrastructure.ResourceInvoker.Rethrow(ResourceExecutedContextSealed context)
   at Microsoft.AspNetCore.Mvc.Infrastructure.ResourceInvoker.Next(State& next, Scope& scope, Object& state, Boolean& isCompleted)
   at Microsoft.AspNetCore.Mvc.Infrastructure.ResourceInvoker.InvokeFilterPipelineAsync()
--- End of stack trace from previous location ---
   at Microsoft.AspNetCore.Mvc.Infrastructure.ResourceInvoker.<InvokeAsync>g__Awaited|17_0(ResourceInvoker invoker, Task task, IDisposable scope)
   at Microsoft.AspNetCore.Mvc.Infrastructure.ResourceInvoker.<InvokeAsync>g__Awaited|17_0(ResourceInvoker invoker, Task task, IDisposable scope)
   at Microsoft.AspNetCore.Diagnostics.ExceptionHandlerMiddlewareImpl.<Invoke>g__Awaited|10_0(ExceptionHandlerMiddlewareImpl middleware, HttpContext context, Task task)
2025-12-09 11:27:13.3640|INFO|Services.BookManager|BookManager oluşturuldu. 
2025-12-09 11:27:13.3744|INFO|Services.BookManager|Tüm kitaplar getiriliyor. 
2025-12-09 11:27:17.7318|INFO|Services.BookManager|BookManager oluşturuldu. 
2025-12-09 11:27:21.0457|INFO|Services.BookManager|BookManager oluşturuldu. 
2025-12-09 11:27:21.0801|ERROR|WebApp.Middleware.GlobalExceptionHandler|Beklenmeyen bir hata oluştu. Entities.Exceptions.BookNotFoundException: Kitap Id:100 bulunamadı!
   at Services.BookManager.GetBookById(Int32 bookId, Boolean trackChanges) in D:\api\nTierApp\Services\BookManager.cs:line 60
   at WebApp.Controllers.BookController.Details(Int32 id) in D:\api\nTierApp\WebApp\Controllers\BookController.cs:line 23
   at lambda_method61(Closure, Object, Object[])
   at Microsoft.AspNetCore.Mvc.Infrastructure.ActionMethodExecutor.SyncActionResultExecutor.Execute(ActionContext actionContext, IActionResultTypeMapper mapper, ObjectMethodExecutor executor, Object controller, Object[] arguments)
   at Microsoft.AspNetCore.Mvc.Infrastructure.ControllerActionInvoker.InvokeActionMethodAsync()
   at Microsoft.AspNetCore.Mvc.Infrastructure.ControllerActionInvoker.Next(State& next, Scope& scope, Object& state, Boolean& isCompleted)
   at Microsoft.AspNetCore.Mvc.Infrastructure.ControllerActionInvoker.InvokeNextActionFilterAsync()
--- End of stack trace from previous location ---
   at Microsoft.AspNetCore.Mvc.Infrastructure.ControllerActionInvoker.Rethrow(ActionExecutedContextSealed context)
   at Microsoft.AspNetCore.Mvc.Infrastructure.ControllerActionInvoker.Next(State& next, Scope& scope, Object& state, Boolean& isCompleted)
   at Microsoft.AspNetCore.Mvc.Infrastructure.ControllerActionInvoker.InvokeInnerFilterAsync()
--- End of stack trace from previous location ---
   at Microsoft.AspNetCore.Mvc.Infrastructure.ResourceInvoker.<InvokeNextResourceFilter>g__Awaited|25_0(ResourceInvoker invoker, Task lastTask, State next, Scope scope, Object state, Boolean isCompleted)
   at Microsoft.AspNetCore.Mvc.Infrastructure.ResourceInvoker.Rethrow(ResourceExecutedContextSealed context)
   at Microsoft.AspNetCore.Mvc.Infrastructure.ResourceInvoker.Next(State& next, Scope& scope, Object& state, Boolean& isCompleted)
   at Microsoft.AspNetCore.Mvc.Infrastructure.ResourceInvoker.InvokeFilterPipelineAsync()
--- End of stack trace from previous location ---
   at Microsoft.AspNetCore.Mvc.Infrastructure.ResourceInvoker.<InvokeAsync>g__Awaited|17_0(ResourceInvoker invoker, Task task, IDisposable scope)
   at Microsoft.AspNetCore.Mvc.Infrastructure.ResourceInvoker.<InvokeAsync>g__Awaited|17_0(ResourceInvoker invoker, Task task, IDisposable scope)
   at Microsoft.AspNetCore.Diagnostics.ExceptionHandlerMiddlewareImpl.<Invoke>g__Awaited|10_0(ExceptionHandlerMiddlewareImpl middleware, HttpContext context, Task task)
2025-12-09 11:28:35.2468|INFO|Services.BookManager|BookManager oluşturuldu. 
2025-12-09 11:28:35.2468|INFO|Services.BookManager|Tüm kitaplar getiriliyor. 
2025-12-09 11:28:39.2808|INFO|Services.BookManager|BookManager oluşturuldu. 
2025-12-09 11:28:42.3657|INFO|Services.BookManager|BookManager oluşturuldu. 
2025-12-09 11:28:42.3896|ERROR|WebApp.Middleware.GlobalExceptionHandler|Beklenmeyen bir hata oluştu. Entities.Exceptions.BookNotFoundException: Kitap Id:123 bulunamadı!
   at Services.BookManager.GetBookById(Int32 bookId, Boolean trackChanges) in D:\api\nTierApp\Services\BookManager.cs:line 60
   at WebApp.Controllers.BookController.Details(Int32 id) in D:\api\nTierApp\WebApp\Controllers\BookController.cs:line 23
   at lambda_method61(Closure, Object, Object[])
   at Microsoft.AspNetCore.Mvc.Infrastructure.ActionMethodExecutor.SyncActionResultExecutor.Execute(ActionContext actionContext, IActionResultTypeMapper mapper, ObjectMethodExecutor executor, Object controller, Object[] arguments)
   at Microsoft.AspNetCore.Mvc.Infrastructure.ControllerActionInvoker.InvokeActionMethodAsync()
   at Microsoft.AspNetCore.Mvc.Infrastructure.ControllerActionInvoker.Next(State& next, Scope& scope, Object& state, Boolean& isCompleted)
   at Microsoft.AspNetCore.Mvc.Infrastructure.ControllerActionInvoker.InvokeNextActionFilterAsync()
--- End of stack trace from previous location ---
   at Microsoft.AspNetCore.Mvc.Infrastructure.ControllerActionInvoker.Rethrow(ActionExecutedContextSealed context)
   at Microsoft.AspNetCore.Mvc.Infrastructure.ControllerActionInvoker.Next(State& next, Scope& scope, Object& state, Boolean& isCompleted)
   at Microsoft.AspNetCore.Mvc.Infrastructure.ControllerActionInvoker.InvokeInnerFilterAsync()
--- End of stack trace from previous location ---
   at Microsoft.AspNetCore.Mvc.Infrastructure.ResourceInvoker.<InvokeNextResourceFilter>g__Awaited|25_0(ResourceInvoker invoker, Task lastTask, State next, Scope scope, Object state, Boolean isCompleted)
   at Microsoft.AspNetCore.Mvc.Infrastructure.ResourceInvoker.Rethrow(ResourceExecutedContextSealed context)
   at Microsoft.AspNetCore.Mvc.Infrastructure.ResourceInvoker.Next(State& next, Scope& scope, Object& state, Boolean& isCompleted)
   at Microsoft.AspNetCore.Mvc.Infrastructure.ResourceInvoker.InvokeFilterPipelineAsync()
--- End of stack trace from previous location ---
   at Microsoft.AspNetCore.Mvc.Infrastructure.ResourceInvoker.<InvokeAsync>g__Awaited|17_0(ResourceInvoker invoker, Task task, IDisposable scope)
   at Microsoft.AspNetCore.Mvc.Infrastructure.ResourceInvoker.<InvokeAsync>g__Awaited|17_0(ResourceInvoker invoker, Task task, IDisposable scope)
   at Microsoft.AspNetCore.Diagnostics.ExceptionHandlerMiddlewareImpl.<Invoke>g__Awaited|10_0(ExceptionHandlerMiddlewareImpl middleware, HttpContext context, Task task)
2025-12-09 11:29:31.2870|INFO|Services.BookManager|BookManager oluşturuldu. 
2025-12-09 11:29:31.2949|INFO|Services.BookManager|Tüm kitaplar getiriliyor. 
2025-12-09 11:29:52.7236|INFO|Services.BookManager|BookManager oluşturuldu. 
2025-12-09 11:29:55.3357|INFO|Services.BookManager|BookManager oluşturuldu. 
2025-12-09 11:29:55.3704|ERROR|WebApp.Middleware.GlobalExceptionHandler|Beklenmeyen bir hata oluştu. Entities.Exceptions.BookNotFoundException: Kitap Id:101 bulunamadı!
   at Services.BookManager.GetBookById(Int32 bookId, Boolean trackChanges) in D:\api\nTierApp\Services\BookManager.cs:line 60
   at WebApp.Controllers.BookController.Details(Int32 id) in D:\api\nTierApp\WebApp\Controllers\BookController.cs:line 23
   at lambda_method61(Closure, Object, Object[])
   at Microsoft.AspNetCore.Mvc.Infrastructure.ActionMethodExecutor.SyncActionResultExecutor.Execute(ActionContext actionContext, IActionResultTypeMapper mapper, ObjectMethodExecutor executor, Object controller, Object[] arguments)
   at Microsoft.AspNetCore.Mvc.Infrastructure.ControllerActionInvoker.InvokeActionMethodAsync()
   at Microsoft.AspNetCore.Mvc.Infrastructure.ControllerActionInvoker.Next(State& next, Scope& scope, Object& state, Boolean& isCompleted)
   at Microsoft.AspNetCore.Mvc.Infrastructure.ControllerActionInvoker.InvokeNextActionFilterAsync()
--- End of stack trace from previous location ---
   at Microsoft.AspNetCore.Mvc.Infrastructure.ControllerActionInvoker.Rethrow(ActionExecutedContextSealed context)
   at Microsoft.AspNetCore.Mvc.Infrastructure.ControllerActionInvoker.Next(State& next, Scope& scope, Object& state, Boolean& isCompleted)
   at Microsoft.AspNetCore.Mvc.Infrastructure.ControllerActionInvoker.InvokeInnerFilterAsync()
--- End of stack trace from previous location ---
   at Microsoft.AspNetCore.Mvc.Infrastructure.ResourceInvoker.<InvokeNextResourceFilter>g__Awaited|25_0(ResourceInvoker invoker, Task lastTask, State next, Scope scope, Object state, Boolean isCompleted)
   at Microsoft.AspNetCore.Mvc.Infrastructure.ResourceInvoker.Rethrow(ResourceExecutedContextSealed context)
   at Microsoft.AspNetCore.Mvc.Infrastructure.ResourceInvoker.Next(State& next, Scope& scope, Object& state, Boolean& isCompleted)
   at Microsoft.AspNetCore.Mvc.Infrastructure.ResourceInvoker.InvokeFilterPipelineAsync()
--- End of stack trace from previous location ---
   at Microsoft.AspNetCore.Mvc.Infrastructure.ResourceInvoker.<InvokeAsync>g__Awaited|17_0(ResourceInvoker invoker, Task task, IDisposable scope)
   at Microsoft.AspNetCore.Mvc.Infrastructure.ResourceInvoker.<InvokeAsync>g__Awaited|17_0(ResourceInvoker invoker, Task task, IDisposable scope)
   at Microsoft.AspNetCore.Diagnostics.ExceptionHandlerMiddlewareImpl.<Invoke>g__Awaited|10_0(ExceptionHandlerMiddlewareImpl middleware, HttpContext context, Task task)
2025-12-09 12:06:13.3926|INFO|Services.CategoryManager|Tüm kategoriler getirildi. 
2025-12-09 12:06:13.3926|INFO|Services.BookManager|BookManager oluşturuldu. 
2025-12-09 12:06:13.4220|INFO|Services.BookManager|Tüm kitaplar getiriliyor. 
2025-12-09 12:07:34.2291|INFO|Services.CategoryManager|Tüm kategoriler getirildi. 
2025-12-09 12:07:35.7541|INFO|Services.CategoryManager|Tüm kategoriler getirildi. 
2025-12-09 12:07:36.9366|INFO|Services.CategoryManager|Tüm kategoriler getirildi. 
2025-12-09 12:07:37.9694|INFO|Services.CategoryManager|Tüm kategoriler getirildi. 
2025-12-09 12:07:38.9527|INFO|Services.CategoryManager|Tüm kategoriler getirildi. 
2025-12-09 12:07:39.8009|INFO|Services.CategoryManager|Tüm kategoriler getirildi. 
2025-12-09 12:07:40.8337|INFO|Services.CategoryManager|Tüm kategoriler getirildi. 
2025-12-09 12:07:42.1237|INFO|Services.CategoryManager|Tüm kategoriler getirildi. 
2025-12-09 12:07:43.1343|INFO|Services.CategoryManager|Tüm kategoriler getirildi. 
2025-12-09 12:07:47.4662|INFO|Services.CategoryManager|Tüm kategoriler getirildi. 
2025-12-09 12:07:51.8962|INFO|Services.CategoryManager|Tüm kategoriler getirildi. 
2025-12-09 12:08:43.0926|INFO|Services.BookManager|BookManager oluşturuldu. 
2025-12-09 12:08:43.0926|INFO|Services.BookManager|Tüm kitaplar getiriliyor. 
2025-12-09 12:08:52.1468|INFO|Services.CategoryManager|Tüm kategoriler getirildi. 
2025-12-09 12:09:09.1442|INFO|Services.CategoryManager|Tüm kategoriler getirildi. 
2025-12-09 12:09:20.2094|INFO|Services.CategoryManager|Tüm kategoriler getirildi. 
2025-12-09 12:11:05.7965|INFO|Services.BookManager|BookManager oluşturuldu. 
2025-12-09 12:11:05.7965|INFO|Services.BookManager|Tüm kitaplar getiriliyor. 
2025-12-09 12:11:15.1972|INFO|Services.CategoryManager|Tüm kategoriler getirildi. 
2025-12-09 12:57:32.8991|INFO|Services.BookManager|BookManager oluşturuldu. 
2025-12-09 12:57:32.9050|INFO|Services.BookManager|Tüm kitaplar getiriliyor. 
2025-12-09 12:58:53.0736|INFO|Services.BookManager|BookManager oluşturuldu. 
2025-12-09 12:58:53.0789|INFO|Services.BookManager|Tüm kitaplar getiriliyor. 
2025-12-09 13:07:55.6390|INFO|Services.BookManager|BookManager oluşturuldu. 
2025-12-09 13:07:55.6390|INFO|Services.BookManager|Tüm kitaplar getiriliyor. 
2025-12-09 13:09:05.8588|INFO|Services.BookManager|BookManager oluşturuldu. 
2025-12-09 13:09:05.8588|INFO|Services.BookManager|Tüm kitaplar getiriliyor. 
2025-12-09 13:13:21.8491|INFO|Services.BookManager|BookManager oluşturuldu. 
2025-12-09 13:13:21.8587|INFO|Services.BookManager|Tüm kitaplar getiriliyor. 
2025-12-09 13:14:22.9579|INFO|Services.BookManager|BookManager oluşturuldu. 
2025-12-09 13:14:22.9675|INFO|Services.BookManager|Tüm kitaplar getiriliyor. 
2025-12-09 13:15:59.8327|INFO|Services.BookManager|BookManager oluşturuldu. 
2025-12-09 13:15:59.8415|INFO|Services.BookManager|Tüm kitaplar getiriliyor. 
2025-12-09 13:16:35.5713|INFO|Services.BookManager|BookManager oluşturuldu. 
2025-12-09 13:16:35.5713|INFO|Services.BookManager|Tüm kitaplar getiriliyor. 
2025-12-09 13:17:02.4684|INFO|Services.BookManager|BookManager oluşturuldu. 
2025-12-09 13:17:02.4829|INFO|Services.BookManager|Tüm kitaplar getiriliyor. 
2025-12-09 13:29:01.6168|INFO|Services.BookManager|BookManager oluşturuldu. 
2025-12-09 13:29:01.6230|INFO|Services.BookManager|Tüm kitaplar getiriliyor. 
2025-12-09 13:29:11.3702|INFO|Services.BookManager|BookManager oluşturuldu. 
2025-12-09 13:29:11.3702|INFO|Services.BookManager|Tüm kitaplar getiriliyor. 
2025-12-09 13:30:36.9566|INFO|Services.BookManager|BookManager oluşturuldu. 
2025-12-09 13:30:36.9566|INFO|Services.BookManager|Tüm kitaplar getiriliyor. 
2025-12-09 13:32:36.5326|INFO|Services.BookManager|BookManager oluşturuldu. 
2025-12-09 13:32:36.5326|INFO|Services.BookManager|Tüm kitaplar getiriliyor. 
2025-12-09 13:41:31.4198|INFO|Services.BookManager|BookManager oluşturuldu. 
2025-12-09 13:41:31.4198|INFO|Services.BookManager|Tüm kitaplar getiriliyor. 
2025-12-09 13:42:23.1022|INFO|Services.BookManager|BookManager oluşturuldu. 
2025-12-09 13:42:23.1022|INFO|Services.BookManager|Tüm kitaplar getiriliyor. 
2025-12-09 13:43:41.8392|INFO|Services.BookManager|BookManager oluşturuldu. 
2025-12-09 13:43:41.8392|INFO|Services.BookManager|Tüm kitaplar getiriliyor. 
2025-12-09 13:49:48.8812|INFO|Services.BookManager|BookManager oluşturuldu. 
2025-12-09 13:49:48.8914|INFO|Services.BookManager|Tüm kitaplar getiriliyor. 
2025-12-09 13:49:54.7248|INFO|Services.BookManager|BookManager oluşturuldu. 
2025-12-09 13:49:54.7248|INFO|Services.BookManager|Tüm kitaplar getiriliyor. 
2025-12-09 13:50:45.4502|INFO|Services.BookManager|BookManager oluşturuldu. 
2025-12-09 13:50:45.4502|INFO|Services.BookManager|Tüm kitaplar getiriliyor. 
2025-12-09 13:50:53.1304|INFO|Services.BookManager|BookManager oluşturuldu. 
2025-12-09 13:50:53.1304|INFO|Services.BookManager|Tüm kitaplar getiriliyor. 
2025-12-09 13:51:40.3851|INFO|Services.BookManager|BookManager oluşturuldu. 
2025-12-09 13:51:40.3851|INFO|Services.BookManager|Tüm kitaplar getiriliyor. 
2025-12-09 13:52:03.8270|INFO|Services.BookManager|BookManager oluşturuldu. 
2025-12-09 13:52:03.8270|INFO|Services.BookManager|Tüm kitaplar getiriliyor. 
2025-12-09 13:54:09.2065|INFO|Services.BookManager|BookManager oluşturuldu. 
2025-12-09 13:54:09.2177|INFO|Services.BookManager|Tüm kitaplar getiriliyor. 
2025-12-09 13:54:15.5478|INFO|Services.BookManager|BookManager oluşturuldu. 
2025-12-09 13:54:15.5478|INFO|Services.BookManager|Tüm kitaplar getiriliyor. 
2025-12-09 13:59:10.5909|INFO|Services.BookManager|BookManager oluşturuldu. 
2025-12-09 13:59:10.5909|INFO|Services.BookManager|Tüm kitaplar getiriliyor. 
2025-12-09 13:59:18.4356|INFO|Services.BookManager|BookManager oluşturuldu. 
2025-12-09 13:59:18.4356|INFO|Services.BookManager|Tüm kitaplar getiriliyor. 
2025-12-09 13:59:35.9270|INFO|Services.BookManager|BookManager oluşturuldu. 
2025-12-09 13:59:36.2388|INFO|Services.BookManager|Yeni kitap oluşturuldu: Yoldaki İşaretler 
2025-12-09 13:59:36.2574|INFO|Services.BookManager|BookManager oluşturuldu. 
2025-12-09 13:59:36.2574|INFO|Services.BookManager|Tüm kitaplar getiriliyor. 
2025-12-09 14:02:01.0567|INFO|Services.BookManager|BookManager oluşturuldu. 
2025-12-09 14:02:01.0567|INFO|Services.BookManager|Tüm kitaplar getiriliyor. 
2025-12-09 14:06:02.0034|INFO|Services.BookManager|BookManager oluşturuldu. 
2025-12-09 14:06:02.3343|ERROR|WebApp.Middleware.GlobalExceptionHandler|Beklenmeyen bir hata oluştu. Microsoft.EntityFrameworkCore.DbUpdateException: An error occurred while saving the entity changes. See the inner exception for details.
 ---> Microsoft.Data.SqlClient.SqlException (0x80131904): Cannot insert the value NULL into column 'Title', table 'NtierAppDB.dbo.Books'; column does not allow nulls. INSERT fails.
   at Microsoft.Data.SqlClient.SqlConnection.OnError(SqlException exception, Boolean breakConnection, Action`1 wrapCloseInAction)
   at Microsoft.Data.SqlClient.SqlInternalConnection.OnError(SqlException exception, Boolean breakConnection, Action`1 wrapCloseInAction)
   at Microsoft.Data.SqlClient.TdsParser.ThrowExceptionAndWarning(TdsParserStateObject stateObj, SqlCommand command, Boolean callerHasConnectionLock, Boolean asyncClose)
   at Microsoft.Data.SqlClient.TdsParser.TryRun(RunBehavior runBehavior, SqlCommand cmdHandler, SqlDataReader dataStream, BulkCopySimpleResultSet bulkCopyHandler, TdsParserStateObject stateObj, Boolean& dataReady)
   at Microsoft.Data.SqlClient.SqlDataReader.TryHasMoreRows(Boolean& moreRows)
   at Microsoft.Data.SqlClient.SqlDataReader.TryReadInternal(Boolean setTimeout, Boolean& more)
   at Microsoft.Data.SqlClient.SqlDataReader.Read()
   at Microsoft.EntityFrameworkCore.Storage.RelationalDataReader.Read()
   at Microsoft.EntityFrameworkCore.Update.AffectedCountModificationCommandBatch.ConsumeResultSet(Int32 startCommandIndex, RelationalDataReader reader)
ClientConnectionId:0176c907-694a-43b3-bd6c-5075ee559c19
Hata Numarası: 515,Durum: 2,Sınıf:16
   --- End of inner exception stack trace ---
   at Microsoft.EntityFrameworkCore.Update.AffectedCountModificationCommandBatch.ConsumeResultSet(Int32 startCommandIndex, RelationalDataReader reader)
   at Microsoft.EntityFrameworkCore.Update.AffectedCountModificationCommandBatch.Consume(RelationalDataReader reader)
   at Microsoft.EntityFrameworkCore.Update.ReaderModificationCommandBatch.Execute(IRelationalConnection connection)
   at Microsoft.EntityFrameworkCore.SqlServer.Update.Internal.SqlServerModificationCommandBatch.Execute(IRelationalConnection connection)
   at Microsoft.EntityFrameworkCore.Update.Internal.BatchExecutor.Execute(IEnumerable`1 commandBatches, IRelationalConnection connection)
   at Microsoft.EntityFrameworkCore.Storage.RelationalDatabase.SaveChanges(IList`1 entries)
   at Microsoft.EntityFrameworkCore.ChangeTracking.Internal.StateManager.SaveChanges(IList`1 entriesToSave)
   at Microsoft.EntityFrameworkCore.ChangeTracking.Internal.StateManager.SaveChanges(StateManager stateManager, Boolean acceptAllChangesOnSuccess)
   at Microsoft.EntityFrameworkCore.ChangeTracking.Internal.StateManager.<>c.<SaveChanges>b__114_0(DbContext _, ValueTuple`2 t)
   at Microsoft.EntityFrameworkCore.SqlServer.Storage.Internal.SqlServerExecutionStrategy.Execute[TState,TResult](TState state, Func`3 operation, Func`3 verifySucceeded)
   at Microsoft.EntityFrameworkCore.ChangeTracking.Internal.StateManager.SaveChanges(Boolean acceptAllChangesOnSuccess)
   at Microsoft.EntityFrameworkCore.DbContext.SaveChanges(Boolean acceptAllChangesOnSuccess)
   at Microsoft.EntityFrameworkCore.DbContext.SaveChanges()
   at Repositories.RepositoryManager.SaveChanges() in D:\api\nTierApp\Repositories\RepositoryManager.cs:line 32
   at Services.BookManager.CreateBook(Book book) in D:\api\nTierApp\Services\BookManager.cs:line 28
   at WebApp.Areas.Admin.Controllers.BookController.Create(Book book)
   at lambda_method307(Closure, Object, Object[])
   at Microsoft.AspNetCore.Mvc.Infrastructure.ActionMethodExecutor.SyncActionResultExecutor.Execute(ActionContext actionContext, IActionResultTypeMapper mapper, ObjectMethodExecutor executor, Object controller, Object[] arguments)
   at Microsoft.AspNetCore.Mvc.Infrastructure.ControllerActionInvoker.InvokeActionMethodAsync()
   at Microsoft.AspNetCore.Mvc.Infrastructure.ControllerActionInvoker.Next(State& next, Scope& scope, Object& state, Boolean& isCompleted)
   at Microsoft.AspNetCore.Mvc.Infrastructure.ControllerActionInvoker.InvokeNextActionFilterAsync()
--- End of stack trace from previous location ---
   at Microsoft.AspNetCore.Mvc.Infrastructure.ControllerActionInvoker.Rethrow(ActionExecutedContextSealed context)
   at Microsoft.AspNetCore.Mvc.Infrastructure.ControllerActionInvoker.Next(State& next, Scope& scope, Object& state, Boolean& isCompleted)
   at Microsoft.AspNetCore.Mvc.Infrastructure.ControllerActionInvoker.InvokeInnerFilterAsync()
--- End of stack trace from previous location ---
   at Microsoft.AspNetCore.Mvc.Infrastructure.ResourceInvoker.<InvokeNextResourceFilter>g__Awaited|25_0(ResourceInvoker invoker, Task lastTask, State next, Scope scope, Object state, Boolean isCompleted)
   at Microsoft.AspNetCore.Mvc.Infrastructure.ResourceInvoker.Rethrow(ResourceExecutedContextSealed context)
   at Microsoft.AspNetCore.Mvc.Infrastructure.ResourceInvoker.Next(State& next, Scope& scope, Object& state, Boolean& isCompleted)
   at Microsoft.AspNetCore.Mvc.Infrastructure.ResourceInvoker.InvokeFilterPipelineAsync()
--- End of stack trace from previous location ---
   at Microsoft.AspNetCore.Mvc.Infrastructure.ResourceInvoker.<InvokeAsync>g__Awaited|17_0(ResourceInvoker invoker, Task task, IDisposable scope)
   at Microsoft.AspNetCore.Mvc.Infrastructure.ResourceInvoker.<InvokeAsync>g__Awaited|17_0(ResourceInvoker invoker, Task task, IDisposable scope)
   at Microsoft.AspNetCore.Diagnostics.ExceptionHandlerMiddlewareImpl.<Invoke>g__Awaited|10_0(ExceptionHandlerMiddlewareImpl middleware, HttpContext context, Task task)
2025-12-09 14:07:57.1792|INFO|Services.BookManager|BookManager oluşturuldu. 
2025-12-09 14:07:57.1952|ERROR|WebApp.Middleware.GlobalExceptionHandler|Beklenmeyen bir hata oluştu. Microsoft.EntityFrameworkCore.DbUpdateException: An error occurred while saving the entity changes. See the inner exception for details.
 ---> Microsoft.Data.SqlClient.SqlException (0x80131904): Cannot insert the value NULL into column 'Title', table 'NtierAppDB.dbo.Books'; column does not allow nulls. INSERT fails.
   at Microsoft.Data.SqlClient.SqlConnection.OnError(SqlException exception, Boolean breakConnection, Action`1 wrapCloseInAction)
   at Microsoft.Data.SqlClient.SqlInternalConnection.OnError(SqlException exception, Boolean breakConnection, Action`1 wrapCloseInAction)
   at Microsoft.Data.SqlClient.TdsParser.ThrowExceptionAndWarning(TdsParserStateObject stateObj, SqlCommand command, Boolean callerHasConnectionLock, Boolean asyncClose)
   at Microsoft.Data.SqlClient.TdsParser.TryRun(RunBehavior runBehavior, SqlCommand cmdHandler, SqlDataReader dataStream, BulkCopySimpleResultSet bulkCopyHandler, TdsParserStateObject stateObj, Boolean& dataReady)
   at Microsoft.Data.SqlClient.SqlDataReader.TryHasMoreRows(Boolean& moreRows)
   at Microsoft.Data.SqlClient.SqlDataReader.TryReadInternal(Boolean setTimeout, Boolean& more)
   at Microsoft.Data.SqlClient.SqlDataReader.Read()
   at Microsoft.EntityFrameworkCore.Storage.RelationalDataReader.Read()
   at Microsoft.EntityFrameworkCore.Update.AffectedCountModificationCommandBatch.ConsumeResultSet(Int32 startCommandIndex, RelationalDataReader reader)
ClientConnectionId:0176c907-694a-43b3-bd6c-5075ee559c19
Hata Numarası: 515,Durum: 2,Sınıf:16
   --- End of inner exception stack trace ---
   at Microsoft.EntityFrameworkCore.Update.AffectedCountModificationCommandBatch.ConsumeResultSet(Int32 startCommandIndex, RelationalDataReader reader)
   at Microsoft.EntityFrameworkCore.Update.AffectedCountModificationCommandBatch.Consume(RelationalDataReader reader)
   at Microsoft.EntityFrameworkCore.Update.ReaderModificationCommandBatch.Execute(IRelationalConnection connection)
   at Microsoft.EntityFrameworkCore.SqlServer.Update.Internal.SqlServerModificationCommandBatch.Execute(IRelationalConnection connection)
   at Microsoft.EntityFrameworkCore.Update.Internal.BatchExecutor.Execute(IEnumerable`1 commandBatches, IRelationalConnection connection)
   at Microsoft.EntityFrameworkCore.Storage.RelationalDatabase.SaveChanges(IList`1 entries)
   at Microsoft.EntityFrameworkCore.ChangeTracking.Internal.StateManager.SaveChanges(IList`1 entriesToSave)
   at Microsoft.EntityFrameworkCore.ChangeTracking.Internal.StateManager.SaveChanges(StateManager stateManager, Boolean acceptAllChangesOnSuccess)
   at Microsoft.EntityFrameworkCore.ChangeTracking.Internal.StateManager.<>c.<SaveChanges>b__114_0(DbContext _, ValueTuple`2 t)
   at Microsoft.EntityFrameworkCore.SqlServer.Storage.Internal.SqlServerExecutionStrategy.Execute[TState,TResult](TState state, Func`3 operation, Func`3 verifySucceeded)
   at Microsoft.EntityFrameworkCore.ChangeTracking.Internal.StateManager.SaveChanges(Boolean acceptAllChangesOnSuccess)
   at Microsoft.EntityFrameworkCore.DbContext.SaveChanges(Boolean acceptAllChangesOnSuccess)
   at Microsoft.EntityFrameworkCore.DbContext.SaveChanges()
   at Repositories.RepositoryManager.SaveChanges() in D:\api\nTierApp\Repositories\RepositoryManager.cs:line 32
   at Services.BookManager.CreateBook(Book book) in D:\api\nTierApp\Services\BookManager.cs:line 28
   at WebApp.Areas.Admin.Controllers.BookController.Create(Book book)
   at lambda_method332(Closure, Object, Object[])
   at Microsoft.AspNetCore.Mvc.Infrastructure.ActionMethodExecutor.SyncActionResultExecutor.Execute(ActionContext actionContext, IActionResultTypeMapper mapper, ObjectMethodExecutor executor, Object controller, Object[] arguments)
   at Microsoft.AspNetCore.Mvc.Infrastructure.ControllerActionInvoker.InvokeActionMethodAsync()
   at Microsoft.AspNetCore.Mvc.Infrastructure.ControllerActionInvoker.Next(State& next, Scope& scope, Object& state, Boolean& isCompleted)
   at Microsoft.AspNetCore.Mvc.Infrastructure.ControllerActionInvoker.InvokeNextActionFilterAsync()
--- End of stack trace from previous location ---
   at Microsoft.AspNetCore.Mvc.Infrastructure.ControllerActionInvoker.Rethrow(ActionExecutedContextSealed context)
   at Microsoft.AspNetCore.Mvc.Infrastructure.ControllerActionInvoker.Next(State& next, Scope& scope, Object& state, Boolean& isCompleted)
   at Microsoft.AspNetCore.Mvc.Infrastructure.ControllerActionInvoker.InvokeInnerFilterAsync()
--- End of stack trace from previous location ---
   at Microsoft.AspNetCore.Mvc.Infrastructure.ResourceInvoker.<InvokeNextResourceFilter>g__Awaited|25_0(ResourceInvoker invoker, Task lastTask, State next, Scope scope, Object state, Boolean isCompleted)
   at Microsoft.AspNetCore.Mvc.Infrastructure.ResourceInvoker.Rethrow(ResourceExecutedContextSealed context)
   at Microsoft.AspNetCore.Mvc.Infrastructure.ResourceInvoker.Next(State& next, Scope& scope, Object& state, Boolean& isCompleted)
   at Microsoft.AspNetCore.Mvc.Infrastructure.ResourceInvoker.InvokeFilterPipelineAsync()
--- End of stack trace from previous location ---
   at Microsoft.AspNetCore.Mvc.Infrastructure.ResourceInvoker.<InvokeAsync>g__Awaited|17_0(ResourceInvoker invoker, Task task, IDisposable scope)
   at Microsoft.AspNetCore.Mvc.Infrastructure.ResourceInvoker.<InvokeAsync>g__Awaited|17_0(ResourceInvoker invoker, Task task, IDisposable scope)
   at Microsoft.AspNetCore.Diagnostics.ExceptionHandlerMiddlewareImpl.<Invoke>g__Awaited|10_0(ExceptionHandlerMiddlewareImpl middleware, HttpContext context, Task task)
2025-12-09 14:08:15.6327|INFO|Services.BookManager|BookManager oluşturuldu. 
2025-12-09 14:08:15.6423|INFO|Services.BookManager|Tüm kitaplar getiriliyor. 
2025-12-09 14:08:25.2379|INFO|Services.BookManager|BookManager oluşturuldu. 
2025-12-09 14:08:25.2379|INFO|Services.BookManager|Tüm kitaplar getiriliyor. 
2025-12-09 14:08:28.2001|INFO|Services.BookManager|BookManager oluşturuldu. 
2025-12-09 15:32:36.8049|INFO|Services.BookManager|BookManager oluşturuldu. 
2025-12-09 15:32:36.8101|INFO|Services.BookManager|Tüm kitaplar getiriliyor. 
2025-12-09 15:40:00.8781|ERROR|WebApp.Program|Bir hata oluştu ve uygulama durdu! System.InvalidOperationException: EndpointRoutingMiddleware matches endpoints setup by EndpointMiddleware and so must be added to the request execution pipeline before EndpointMiddleware. Please add EndpointRoutingMiddleware by calling 'IApplicationBuilder.UseRouting' inside the call to 'Configure(...)' in the application startup code.
   at Microsoft.AspNetCore.Builder.EndpointRoutingApplicationBuilderExtensions.VerifyEndpointRoutingMiddlewareIsRegistered(IApplicationBuilder app, IEndpointRouteBuilder& endpointRouteBuilder)
   at Microsoft.AspNetCore.Builder.EndpointRoutingApplicationBuilderExtensions.UseEndpoints(IApplicationBuilder builder, Action`1 configure)
   at Program.<Main>$(String[] args) in D:\api\nTierApp\WebApp\Program.cs:line 44
2025-12-09 15:43:22.7045|INFO|Services.BookManager|BookManager oluşturuldu. 
2025-12-09 15:43:22.7212|INFO|Services.BookManager|Tüm kitaplar getiriliyor. 
2025-12-09 15:43:29.8849|INFO|Services.BookManager|BookManager oluşturuldu. 
2025-12-09 15:43:29.8849|INFO|Services.BookManager|Tüm kitaplar getiriliyor. 
2025-12-09 15:47:07.2352|INFO|Services.BookManager|BookManager oluşturuldu. 
2025-12-09 15:47:07.2501|INFO|Services.BookManager|Tüm kitaplar getiriliyor. 
2025-12-09 15:47:13.5599|INFO|Services.BookManager|BookManager oluşturuldu. 
2025-12-09 15:47:13.5599|INFO|Services.BookManager|Tüm kitaplar getiriliyor. 
2025-12-09 15:47:15.4930|INFO|Services.BookManager|BookManager oluşturuldu. 
2025-12-09 15:47:15.7944|ERROR|WebApp.Middleware.GlobalExceptionHandler|Beklenmeyen bir hata oluştu. Microsoft.EntityFrameworkCore.DbUpdateException: An error occurred while saving the entity changes. See the inner exception for details.
 ---> Microsoft.Data.SqlClient.SqlException (0x80131904): Cannot insert the value NULL into column 'Title', table 'NtierAppDB.dbo.Books'; column does not allow nulls. INSERT fails.
   at Microsoft.Data.SqlClient.SqlConnection.OnError(SqlException exception, Boolean breakConnection, Action`1 wrapCloseInAction)
   at Microsoft.Data.SqlClient.SqlInternalConnection.OnError(SqlException exception, Boolean breakConnection, Action`1 wrapCloseInAction)
   at Microsoft.Data.SqlClient.TdsParser.ThrowExceptionAndWarning(TdsParserStateObject stateObj, SqlCommand command, Boolean callerHasConnectionLock, Boolean asyncClose)
   at Microsoft.Data.SqlClient.TdsParser.TryRun(RunBehavior runBehavior, SqlCommand cmdHandler, SqlDataReader dataStream, BulkCopySimpleResultSet bulkCopyHandler, TdsParserStateObject stateObj, Boolean& dataReady)
   at Microsoft.Data.SqlClient.SqlDataReader.TryHasMoreRows(Boolean& moreRows)
   at Microsoft.Data.SqlClient.SqlDataReader.TryReadInternal(Boolean setTimeout, Boolean& more)
   at Microsoft.Data.SqlClient.SqlDataReader.Read()
   at Microsoft.EntityFrameworkCore.Storage.RelationalDataReader.Read()
   at Microsoft.EntityFrameworkCore.Update.AffectedCountModificationCommandBatch.ConsumeResultSet(Int32 startCommandIndex, RelationalDataReader reader)
ClientConnectionId:9f0dcb53-5ab3-484b-8f4e-484c994ed5ec
Hata Numarası: 515,Durum: 2,Sınıf:16
   --- End of inner exception stack trace ---
   at Microsoft.EntityFrameworkCore.Update.AffectedCountModificationCommandBatch.ConsumeResultSet(Int32 startCommandIndex, RelationalDataReader reader)
   at Microsoft.EntityFrameworkCore.Update.AffectedCountModificationCommandBatch.Consume(RelationalDataReader reader)
   at Microsoft.EntityFrameworkCore.Update.ReaderModificationCommandBatch.Execute(IRelationalConnection connection)
   at Microsoft.EntityFrameworkCore.SqlServer.Update.Internal.SqlServerModificationCommandBatch.Execute(IRelationalConnection connection)
   at Microsoft.EntityFrameworkCore.Update.Internal.BatchExecutor.Execute(IEnumerable`1 commandBatches, IRelationalConnection connection)
   at Microsoft.EntityFrameworkCore.Storage.RelationalDatabase.SaveChanges(IList`1 entries)
   at Microsoft.EntityFrameworkCore.ChangeTracking.Internal.StateManager.SaveChanges(IList`1 entriesToSave)
   at Microsoft.EntityFrameworkCore.ChangeTracking.Internal.StateManager.SaveChanges(StateManager stateManager, Boolean acceptAllChangesOnSuccess)
   at Microsoft.EntityFrameworkCore.ChangeTracking.Internal.StateManager.<>c.<SaveChanges>b__114_0(DbContext _, ValueTuple`2 t)
   at Microsoft.EntityFrameworkCore.SqlServer.Storage.Internal.SqlServerExecutionStrategy.Execute[TState,TResult](TState state, Func`3 operation, Func`3 verifySucceeded)
   at Microsoft.EntityFrameworkCore.ChangeTracking.Internal.StateManager.SaveChanges(Boolean acceptAllChangesOnSuccess)
   at Microsoft.EntityFrameworkCore.DbContext.SaveChanges(Boolean acceptAllChangesOnSuccess)
   at Microsoft.EntityFrameworkCore.DbContext.SaveChanges()
   at Repositories.RepositoryManager.SaveChanges() in D:\api\nTierApp\Repositories\RepositoryManager.cs:line 32
   at Services.BookManager.CreateBook(Book book) in D:\api\nTierApp\Services\BookManager.cs:line 28
   at WebApp.Areas.Admin.Controllers.BookController.Create(Book book) in D:\api\nTierApp\WebApp\Areas\Admin\Controllers\BookController.cs:line 35
   at lambda_method108(Closure, Object, Object[])
   at Microsoft.AspNetCore.Mvc.Infrastructure.ActionMethodExecutor.SyncActionResultExecutor.Execute(ActionContext actionContext, IActionResultTypeMapper mapper, ObjectMethodExecutor executor, Object controller, Object[] arguments)
   at Microsoft.AspNetCore.Mvc.Infrastructure.ControllerActionInvoker.InvokeActionMethodAsync()
   at Microsoft.AspNetCore.Mvc.Infrastructure.ControllerActionInvoker.Next(State& next, Scope& scope, Object& state, Boolean& isCompleted)
   at Microsoft.AspNetCore.Mvc.Infrastructure.ControllerActionInvoker.InvokeNextActionFilterAsync()
--- End of stack trace from previous location ---
   at Microsoft.AspNetCore.Mvc.Infrastructure.ControllerActionInvoker.Rethrow(ActionExecutedContextSealed context)
   at Microsoft.AspNetCore.Mvc.Infrastructure.ControllerActionInvoker.Next(State& next, Scope& scope, Object& state, Boolean& isCompleted)
   at Microsoft.AspNetCore.Mvc.Infrastructure.ControllerActionInvoker.InvokeInnerFilterAsync()
--- End of stack trace from previous location ---
   at Microsoft.AspNetCore.Mvc.Infrastructure.ResourceInvoker.<InvokeNextResourceFilter>g__Awaited|25_0(ResourceInvoker invoker, Task lastTask, State next, Scope scope, Object state, Boolean isCompleted)
   at Microsoft.AspNetCore.Mvc.Infrastructure.ResourceInvoker.Rethrow(ResourceExecutedContextSealed context)
   at Microsoft.AspNetCore.Mvc.Infrastructure.ResourceInvoker.Next(State& next, Scope& scope, Object& state, Boolean& isCompleted)
   at Microsoft.AspNetCore.Mvc.Infrastructure.ResourceInvoker.InvokeFilterPipelineAsync()
--- End of stack trace from previous location ---
   at Microsoft.AspNetCore.Mvc.Infrastructure.ResourceInvoker.<InvokeAsync>g__Awaited|17_0(ResourceInvoker invoker, Task task, IDisposable scope)
   at Microsoft.AspNetCore.Mvc.Infrastructure.ResourceInvoker.<InvokeAsync>g__Awaited|17_0(ResourceInvoker invoker, Task task, IDisposable scope)
   at Microsoft.AspNetCore.Diagnostics.ExceptionHandlerMiddlewareImpl.<Invoke>g__Awaited|10_0(ExceptionHandlerMiddlewareImpl middleware, HttpContext context, Task task)
2025-12-09 15:49:27.7722|INFO|Services.BookManager|BookManager oluşturuldu. 
2025-12-09 15:49:27.8283|INFO|Services.BookManager|Yeni kitap oluşturuldu: Yalnızlar Sözleri 
2025-12-09 15:49:27.8482|INFO|Services.BookManager|BookManager oluşturuldu. 
2025-12-09 15:49:27.8482|INFO|Services.BookManager|Tüm kitaplar getiriliyor. 
2025-12-09 16:01:47.8120|INFO|Services.BookManager|BookManager oluşturuldu. 
2025-12-09 16:01:47.8120|INFO|Services.BookManager|Tüm kitaplar getiriliyor. 
2025-12-09 16:01:54.2998|INFO|Services.BookManager|BookManager oluşturuldu. 
2025-12-09 16:01:54.2998|INFO|Services.BookManager|Tüm kitaplar getiriliyor. 
2025-12-09 16:01:58.2857|INFO|Services.BookManager|BookManager oluşturuldu. 
2025-12-09 16:02:37.6411|INFO|Services.BookManager|BookManager oluşturuldu. 
2025-12-09 16:02:37.6411|INFO|Services.BookManager|Tüm kitaplar getiriliyor. 
2025-12-09 16:02:45.0808|INFO|Services.BookManager|BookManager oluşturuldu. 
2025-12-09 16:02:45.0808|INFO|Services.BookManager|Tüm kitaplar getiriliyor. 
2025-12-09 16:03:01.6893|INFO|Services.BookManager|BookManager oluşturuldu. 
2025-12-09 16:04:03.9223|INFO|Services.BookManager|BookManager oluşturuldu. 
2025-12-09 16:04:03.9348|INFO|Services.BookManager|Tüm kitaplar getiriliyor. 
2025-12-09 16:07:31.4222|INFO|Services.BookManager|BookManager oluşturuldu. 
2025-12-09 16:07:31.4222|INFO|Services.BookManager|Tüm kitaplar getiriliyor. 
2025-12-09 16:07:31.4448|INFO|Services.BookManager|BookManager oluşturuldu. 
2025-12-09 16:07:31.5663|INFO|Services.BookManager|BookManager oluşturuldu. 
2025-12-09 16:07:31.5663|INFO|Services.BookManager|Tüm kitaplar getiriliyor. 
2025-12-09 16:07:35.5584|INFO|Services.BookManager|BookManager oluşturuldu. 
2025-12-09 16:07:35.5584|INFO|Services.BookManager|Tüm kitaplar getiriliyor. 
2025-12-09 16:07:36.8374|INFO|Services.BookManager|BookManager oluşturuldu. 
2025-12-09 16:17:45.4142|INFO|Services.BookManager|BookManager oluşturuldu. 
2025-12-09 16:17:45.4142|INFO|Services.BookManager|BookManager oluşturuldu. 
2025-12-09 16:17:45.4142|INFO|Services.BookManager|Tüm kitaplar getiriliyor. 
2025-12-09 16:17:45.5929|INFO|Services.BookManager|BookManager oluşturuldu. 
2025-12-09 16:17:49.0463|INFO|Services.BookManager|BookManager oluşturuldu. 
2025-12-09 16:17:49.2836|INFO|Services.BookManager|Kitap güncellendi: Clean Code 
2025-12-09 16:17:49.2836|INFO|Services.BookManager|BookManager oluşturuldu. 
2025-12-09 16:17:49.2836|INFO|Services.BookManager|Tüm kitaplar getiriliyor. 
2025-12-09 16:25:04.9908|INFO|Services.BookManager|BookManager oluşturuldu. 
2025-12-09 16:25:04.9995|INFO|Services.BookManager|Tüm kitaplar getiriliyor. 
2025-12-09 16:25:13.6748|INFO|Services.BookManager|BookManager oluşturuldu. 
2025-12-09 16:25:13.6748|INFO|Services.BookManager|Tüm kitaplar getiriliyor. 
2025-12-09 16:25:15.6084|INFO|Services.BookManager|BookManager oluşturuldu. 
2025-12-09 16:25:15.6084|INFO|Services.BookManager|Tüm kitaplar getiriliyor. 
2025-12-09 16:25:17.8178|INFO|Services.BookManager|BookManager oluşturuldu. 
2025-12-09 16:25:17.8178|INFO|Services.BookManager|Tüm kitaplar getiriliyor. 
2025-12-09 16:25:19.6033|INFO|Services.BookManager|BookManager oluşturuldu. 
2025-12-09 16:25:21.0596|INFO|Services.BookManager|BookManager oluşturuldu. 
2025-12-09 16:25:21.0596|INFO|Services.BookManager|Tüm kitaplar getiriliyor. 
2025-12-09 16:25:22.4889|INFO|Services.BookManager|BookManager oluşturuldu. 
2025-12-09 16:25:23.8758|INFO|Services.BookManager|BookManager oluşturuldu. 
2025-12-09 16:25:23.8758|INFO|Services.BookManager|Tüm kitaplar getiriliyor. 
2025-12-09 16:26:21.2478|INFO|Services.BookManager|BookManager oluşturuldu. 
2025-12-09 16:26:22.9781|INFO|Services.BookManager|BookManager oluşturuldu. 
2025-12-09 16:26:22.9781|INFO|Services.BookManager|Tüm kitaplar getiriliyor. 
2025-12-09 16:26:23.9312|INFO|Services.BookManager|BookManager oluşturuldu. 
2025-12-09 16:26:27.2739|INFO|Services.BookManager|BookManager oluşturuldu. 
2025-12-09 16:26:27.2739|INFO|Services.BookManager|Tüm kitaplar getiriliyor. 
2025-12-09 16:26:28.4803|INFO|Services.BookManager|BookManager oluşturuldu. 
2025-12-09 16:27:46.9964|INFO|Services.BookManager|BookManager oluşturuldu. 
2025-12-09 16:27:46.9970|INFO|Services.BookManager|Tüm kitaplar getiriliyor. 
2025-12-09 16:27:58.9519|INFO|Services.BookManager|BookManager oluşturuldu. 
2025-12-09 16:27:58.9519|INFO|Services.BookManager|Tüm kitaplar getiriliyor. 
2025-12-09 16:28:02.6175|INFO|Services.BookManager|BookManager oluşturuldu. 
2025-12-09 16:28:04.2504|INFO|Services.BookManager|BookManager oluşturuldu. 
2025-12-09 16:33:55.4651|INFO|Services.BookManager|BookManager oluşturuldu. 
2025-12-09 16:33:55.4651|INFO|Services.BookManager|BookManager oluşturuldu. 
2025-12-09 16:33:55.4659|INFO|Services.BookManager|Tüm kitaplar getiriliyor. 
2025-12-09 16:34:34.7715|INFO|Services.BookManager|BookManager oluşturuldu. 
2025-12-09 16:34:34.7715|INFO|Services.BookManager|BookManager oluşturuldu. 
2025-12-09 16:34:34.7715|INFO|Services.BookManager|Tüm kitaplar getiriliyor. 
2025-12-09 16:34:37.3513|INFO|Services.BookManager|BookManager oluşturuldu. 
2025-12-09 16:34:37.6195|INFO|Services.BookManager|Kitap güncellendi: Clean Code 
2025-12-09 16:34:37.6304|INFO|Services.BookManager|BookManager oluşturuldu. 
2025-12-09 16:34:37.6304|INFO|Services.BookManager|Tüm kitaplar getiriliyor. 
2025-12-09 16:42:35.8873|INFO|Services.BookManager|BookManager oluşturuldu. 
2025-12-09 16:42:35.8873|INFO|Services.BookManager|BookManager oluşturuldu. 
2025-12-09 16:42:35.8873|INFO|Services.BookManager|Tüm kitaplar getiriliyor. 
2025-12-09 16:42:35.8873|INFO|Services.BookManager|Tüm kitaplar getiriliyor. 
2025-12-09 16:42:39.6708|INFO|Services.BookManager|BookManager oluşturuldu. 
2025-12-09 16:42:40.7934|INFO|Services.BookManager|BookManager oluşturuldu. 
2025-12-09 16:42:40.8809|INFO|Services.BookManager|Kitap silindi: Yalnızlar Sözleri 
2025-12-09 16:42:40.8886|INFO|Services.BookManager|BookManager oluşturuldu. 
2025-12-09 16:42:40.8886|INFO|Services.BookManager|Tüm kitaplar getiriliyor. 
2025-12-09 16:48:38.1899|INFO|Services.BookManager|BookManager oluşturuldu. 
2025-12-09 16:48:44.0357|INFO|Services.BookManager|BookManager oluşturuldu. 
2025-12-09 16:48:44.0357|INFO|Services.BookManager|Tüm kitaplar getiriliyor. 
2025-12-09 16:48:45.3716|INFO|Services.BookManager|BookManager oluşturuldu. 
2025-12-09 16:48:46.1908|INFO|Services.BookManager|BookManager oluşturuldu. 
2025-12-09 16:48:46.1908|INFO|Services.BookManager|Kitap silindi: Yoldaki İşaretler 
2025-12-09 16:48:46.2103|INFO|Services.BookManager|BookManager oluşturuldu. 
2025-12-09 16:48:46.2103|INFO|Services.BookManager|Tüm kitaplar getiriliyor. 
